<?xml version="1.0" encoding="UTF-8"?>
<!-- Generated by org.testng.reporters.JUnitReportReporter -->
<testsuite hostname="ispl_645" name="com.infostretch.automation.step.client.Scenario" tests="1" failures="1" timestamp="18 Jun 2015 10:02:36 GMT" time="4.191" errors="0">
  <testcase name="Add New Contact" time="4.191" classname="com.infostretch.automation.step.client.Scenario">
    <failure type="com.infostretch.automation.step.StepInvocationException" message="Enable to Create Driver Instance for appium: java.lang.reflect.InvocationTargetException
Build info: version: &#039;2.45.0&#039;, revision: &#039;5017cb8e7ca8e37638dc3091b2440b90a1d8686f&#039;, time: &#039;2015-02-27 09:10:26&#039;
System info: host: &#039;ispl_645&#039;, ip: &#039;172.25.79.143&#039;, os.name: &#039;Windows 8.1&#039;, os.arch: &#039;amd64&#039;, os.version: &#039;6.3&#039;, java.version: &#039;1.7.0_67&#039;
Driver info: driver.version: unknown">
      <![CDATA[com.infostretch.automation.step.StepInvocationException: Enable to Create Driver Instance for appium: java.lang.reflect.InvocationTargetException
Build info: version: '2.45.0', revision: '5017cb8e7ca8e37638dc3091b2440b90a1d8686f', time: '2015-02-27 09:10:26'
System info: host: 'ispl_645', ip: '172.25.79.143', os.name: 'Windows 8.1', os.arch: 'amd64', os.version: '6.3', java.version: '1.7.0_67'
Driver info: driver.version: unknown
	at .(M:\JenkinsDemo\AppiumContactManagerDemo\AppiumDemoContactManager\.\scenarios\suite1.bdd:7)
	at com.infostretch.automation.ui.UiDriver$Browsers.a(SourceFile:194)
	at com.infostretch.automation.ui.UiDriver$Browsers.getFor(SourceFile:108)
	at com.infostretch.automation.ui.UiDriverFactory.get(SourceFile:73)
	at com.infostretch.automation.core.QAFTestBase.getUiDriver(SourceFile:225)
	at com.infostretch.automation.ui.selenium.WaitService.<init>(SourceFile:82)
	at com.infostretch.automation.ui.AbstractTestPage.<init>(SourceFile:77)
	at com.infostretch.automation.ui.AbstractTestPage.<init>(SourceFile:88)
	at com.infostretch.automation.ui.WebDriverBaseTestPage.<init>(SourceFile:56)
	at com.infostretch.automation.ui.WebDriverBaseTestPage.<init>(SourceFile:52)
	at com.example.android.contactmanager.pages.AddContactScreen.<init>(AddContactScreen.java:12)
	at sun.reflect.NativeConstructorAccessorImpl.newInstance0(Native Method)
	at sun.reflect.NativeConstructorAccessorImpl.newInstance(Unknown Source)
	at sun.reflect.DelegatingConstructorAccessorImpl.newInstance(Unknown Source)
	at java.lang.reflect.Constructor.newInstance(Unknown Source)
	at java.lang.Class.newInstance(Unknown Source)
	at com.infostretch.automation.step.JavaStep.getStepProvider(SourceFile:133)
	at com.infostretch.automation.step.JavaStep.doExecute(SourceFile:101)
	at com.infostretch.automation.step.BaseTestStep.execute(SourceFile:116)
	at com.infostretch.automation.step.JavaStep.execute(SourceFile:81)
	at com.infostretch.automation.step.StringTestStep.execute(SourceFile:93)
	at com.infostretch.automation.step.client.Scenario.execute(SourceFile:165)
	at com.infostretch.automation.step.client.Scenario.scenario(SourceFile:212)
	at sun.reflect.NativeMethodAccessorImpl.invoke0(Native Method)
	at sun.reflect.NativeMethodAccessorImpl.invoke(Unknown Source)
	at sun.reflect.DelegatingMethodAccessorImpl.invoke(Unknown Source)
	at java.lang.reflect.Method.invoke(Unknown Source)
	at org.testng.internal.MethodInvocationHelper.invokeMethod(MethodInvocationHelper.java:84)
	at org.testng.internal.Invoker.invokeMethod(Invoker.java:714)
	at org.testng.internal.Invoker.invokeTestMethod(Invoker.java:901)
	at org.testng.internal.Invoker.invokeTestMethods(Invoker.java:1231)
	at org.testng.internal.TestMethodWorker.invokeTestMethods(TestMethodWorker.java:127)
	at org.testng.internal.TestMethodWorker.run(TestMethodWorker.java:111)
	at org.testng.TestRunner.privateRun(SourceFile:786)
	at org.testng.TestRunner.run(SourceFile:631)
	at org.testng.SuiteRunner.runTest(SuiteRunner.java:334)
	at org.testng.SuiteRunner.runSequentially(SuiteRunner.java:329)
	at org.testng.SuiteRunner.privateRun(SuiteRunner.java:291)
	at org.testng.SuiteRunner.run(SuiteRunner.java:240)
	at org.testng.SuiteRunnerWorker.runSuite(SuiteRunnerWorker.java:52)
	at org.testng.SuiteRunnerWorker.run(SuiteRunnerWorker.java:86)
	at org.testng.TestNG.runSuitesSequentially(TestNG.java:1224)
	at org.testng.TestNG.runSuitesLocally(TestNG.java:1149)
	at org.testng.TestNG.run(TestNG.java:1057)
	at org.testng.TestNG.privateMain(TestNG.java:1364)
	at org.testng.TestNG.main(TestNG.java:1333)
]]>
    </failure>
  </testcase> <!-- Add New Contact -->
</testsuite> <!-- com.infostretch.automation.step.client.Scenario -->
