<?xml version="1.0" encoding="UTF-8"?>
<!-- Generated by org.testng.reporters.JUnitReportReporter -->
<testsuite hostname="ispl_645" name="com.infostretch.automation.step.client.Scenario" tests="1" failures="0" timestamp="18 Jun 2015 10:36:38 GMT" time="49.052" errors="0">
  <testcase name="Add New Contact" time="49.052" classname="com.infostretch.automation.step.client.Scenario"/>
</testsuite> <!-- com.infostretch.automation.step.client.Scenario -->
